<?xml version="1.0" encoding="UTF-8"?>
<!-- Generated by org.testng.reporters.JUnitReportReporter -->
<testsuite hostname="Giridhars-MBP" failures="0" tests="3" name="com.gt.tests.ZeroWebSecurityLoginTests" time="19.443" errors="0" timestamp="2021-01-16T18:31:54 GMT" skipped="0">
  <testcase classname="com.gt.tests.ZeroWebSecurityLoginTests" name="loginTestTwo" time="4.471"/>
  <system-out/>
  <testcase classname="com.gt.tests.ZeroWebSecurityLoginTests" name="loginTestOne" time="8.499"/>
  <system-out/>
  <testcase classname="com.gt.tests.ZeroWebSecurityLoginTests" name="loginTestThree" time="6.473"/>
  <system-out/>
</testsuite> <!-- com.gt.tests.ZeroWebSecurityLoginTests -->
