<?xml version="1.0" encoding="UTF-8"?>
<!-- Generated by org.testng.reporters.JUnitReportReporter -->
<testsuite skipped="0" hostname="Giridhars-MBP" name="com.gt.tests.ZippopotamTests" tests="5" failures="0" timestamp="2021-01-29T20:11:21 GMT" time="3.871" errors="0">
  <testcase name="validateValueArrayTest" time="0.317" classname="com.gt.tests.ZippopotamTests"/>
  <system-out/>
  <testcase name="contentTypeTest" time="2.073" classname="com.gt.tests.ZippopotamTests"/>
  <system-out/>
  <testcase name="loggingTest" time="0.357" classname="com.gt.tests.ZippopotamTests"/>
  <system-out/>
  <testcase name="statusCodeTest" time="0.241" classname="com.gt.tests.ZippopotamTests"/>
  <system-out/>
  <testcase name="validateBodyTest" time="0.883" classname="com.gt.tests.ZippopotamTests"/>
  <system-out/>
</testsuite> <!-- com.gt.tests.ZippopotamTests -->
