<?xml version="1.0" encoding="UTF-8"?>
<!-- Generated by org.testng.reporters.JUnitReportReporter -->
<testsuite hostname="Giridhars-MBP" failures="0" tests="1" name="com.gt.tests.ZeroWebSecurityLoginTests" time="10.492" errors="0" timestamp="2021-01-16T20:27:52 GMT" skipped="0">
  <testcase classname="com.gt.tests.ZeroWebSecurityLoginTests" name="loginTestOne" time="10.492"/>
  <system-out/>
</testsuite> <!-- com.gt.tests.ZeroWebSecurityLoginTests -->
