<?xml version="1.0" encoding="UTF-8"?>
<!-- Generated by org.testng.reporters.JUnitReportReporter -->
<testsuite hostname="Giridhars-MBP" failures="0" tests="1" name="com.gt.tests.ZeroWebSecurityLoginTests" time="8.826" errors="0" timestamp="2021-01-16T13:13:02 GMT" skipped="0">
  <testcase classname="com.gt.tests.ZeroWebSecurityLoginTests" name="loginTestOne" time="8.826"/>
  <system-out/>
</testsuite> <!-- com.gt.tests.ZeroWebSecurityLoginTests -->
