<?xml version="1.0" encoding="UTF-8"?>
<!-- Generated by org.testng.reporters.JUnitReportReporter -->
<testsuite hostname="Giridhars-MBP" failures="0" tests="5" name="com.gt.tests.ZippopotamTests" time="3.113" errors="0" timestamp="2021-01-16T20:40:24 GMT" skipped="0">
  <testcase classname="com.gt.tests.ZippopotamTests" name="validateBodyTest" time="0.621"/>
  <system-out/>
  <testcase classname="com.gt.tests.ZippopotamTests" name="contentTypeTest" time="1.727"/>
  <system-out/>
  <testcase classname="com.gt.tests.ZippopotamTests" name="statusCodeTest" time="0.251"/>
  <system-out/>
  <testcase classname="com.gt.tests.ZippopotamTests" name="validateValueArrayTest" time="0.234"/>
  <system-out/>
  <testcase classname="com.gt.tests.ZippopotamTests" name="loggingTest" time="0.280"/>
  <system-out/>
</testsuite> <!-- com.gt.tests.ZippopotamTests -->
