<?xml version="1.0" encoding="UTF-8"?>
<!-- Generated by org.testng.reporters.JUnitReportReporter -->
<testsuite skipped="0" hostname="Giridhars-MBP" name="com.gt.tests.ZippopotamTests" tests="5" failures="0" timestamp="2021-01-16T22:49:36 GMT" time="5.172" errors="0">
  <testcase name="validateValueArrayTest" time="0.276" classname="com.gt.tests.ZippopotamTests"/>
  <system-out/>
  <testcase name="contentTypeTest" time="3.112" classname="com.gt.tests.ZippopotamTests"/>
  <system-out/>
  <testcase name="validateBodyTest" time="1.181" classname="com.gt.tests.ZippopotamTests"/>
  <system-out/>
  <testcase name="statusCodeTest" time="0.249" classname="com.gt.tests.ZippopotamTests"/>
  <system-out/>
  <testcase name="loggingTest" time="0.354" classname="com.gt.tests.ZippopotamTests"/>
  <system-out/>
</testsuite> <!-- com.gt.tests.ZippopotamTests -->
