<?xml version="1.0" encoding="UTF-8"?>
<!-- Generated by org.testng.reporters.JUnitReportReporter -->
<testsuite skipped="0" hostname="Giridhars-MBP" name="com.gt.tests.ZippopotamTests" tests="5" failures="0" timestamp="2021-01-28T06:52:53 GMT" time="3.412" errors="0">
  <testcase name="validateValueArrayTest" time="0.225" classname="com.gt.tests.ZippopotamTests"/>
  <system-out/>
  <testcase name="contentTypeTest" time="1.900" classname="com.gt.tests.ZippopotamTests"/>
  <system-out/>
  <testcase name="loggingTest" time="0.287" classname="com.gt.tests.ZippopotamTests"/>
  <system-out/>
  <testcase name="statusCodeTest" time="0.223" classname="com.gt.tests.ZippopotamTests"/>
  <system-out/>
  <testcase name="validateBodyTest" time="0.777" classname="com.gt.tests.ZippopotamTests"/>
  <system-out/>
</testsuite> <!-- com.gt.tests.ZippopotamTests -->
