<?xml version="1.0" encoding="UTF-8"?>
<!-- Generated by org.testng.reporters.JUnitReportReporter -->
<testsuite skipped="0" hostname="Giridhars-MBP" name="com.gt.tests.ZippopotamTests" tests="1" failures="0" timestamp="2021-01-21T08:53:18 GMT" time="2.916" errors="0">
  <testcase name="incognitoTest" time="2.916" classname="com.gt.tests.ZippopotamTests"/>
  <system-out/>
</testsuite> <!-- com.gt.tests.ZippopotamTests -->
