<?xml version="1.0" encoding="UTF-8"?>
<!-- Generated by org.testng.reporters.JUnitReportReporter -->
<testsuite skipped="0" hostname="Giridhars-MBP" name="com.gt.tests.ZippopotamTests" tests="1" failures="0" timestamp="2021-02-06T07:25:24 GMT" time="1.533" errors="0">
  <testcase name="statusCodeTest" time="1.533" classname="com.gt.tests.ZippopotamTests"/>
  <system-out/>
</testsuite> <!-- com.gt.tests.ZippopotamTests -->
