<?xml version="1.0" encoding="UTF-8"?>
<!-- Generated by org.testng.reporters.JUnitReportReporter -->
<testsuite hostname="Giridhars-MBP" failures="0" tests="1" name="com.gt.tests.ZeroWebSecurityLoginTests" time="1.445" errors="0" timestamp="2021-01-07T21:07:40 GMT" skipped="0">
  <testcase classname="com.gt.tests.ZeroWebSecurityLoginTests" name="loginTest" time="1.445"/>
  <system-out/>
</testsuite> <!-- com.gt.tests.ZeroWebSecurityLoginTests -->
